<?xml version="1.0" encoding="UTF-8"?>
<testsuite name="Diligenciar formulario de registro del usuario" tests="1" skipped="0" failures="0" errors="0" timestamp="2022-06-16T17:53:07" hostname="PE-HO-339" time="88.736">
  <properties/>
  <testcase name="Registro" classname="Diligenciar formulario de registro del usuario" time="88.736"/>
  <system-out><![CDATA[Se abre el navegador con la pagina web indicada
Se llena el formulario de registro, el 'Username' se le agrego un random numerico el cual se almacena en una variable para su respectiva validacion
Se llama la variable donde se almaceno el 'Username' y se valida
]]></system-out>
  <system-err><![CDATA[jun 16, 2022 12:53:07 PM org.openqa.selenium.remote.DesiredCapabilities chrome
INFORMACIÓN: Using `new ChromeOptions()` is preferred to `DesiredCapabilities.chrome()`
[Test worker] INFO net.serenitybdd.core.webdriver.driverproviders.ProvideNewDriver - Instantiating driver
[Test worker] INFO net.serenitybdd.core.webdriver.driverproviders.ProvideNewDriver - Driver capabilities: Capabilities {acceptInsecureCerts: true, browserName: chrome, chrome.switches: --start-maximized, goog:chromeOptions: {args: [--start-maximized], extensions: [], prefs: {behavior: allow}}, handlesAlerts: true, loggingPrefs: org.openqa.selenium.logging..., name: proyecto, platform: ANY, unhandledPromptBehavior: ignore, version: }
Starting ChromeDriver 102.0.5005.61 (0e59bcc00cc4985ce39ad31c150065f159d95ad3-refs/branch-heads/5005@{#819}) on port 46880
Only local connections are allowed.
Please see https://chromedriver.chromium.org/security-considerations for suggestions on keeping ChromeDriver safe.
ChromeDriver was started successfully.
jun 16, 2022 12:53:11 PM org.openqa.selenium.remote.ProtocolHandshake createSession
INFORMACIÓN: Detected dialect: W3C
[Test worker] INFO net.thucydides.core.steps.ConsoleLoggingListener - 
        __    _____ _____ ____ _____   ____   _    ____  ____  _____ ____  
  _     \ \  |_   _| ____/ ___|_   _| |  _ \ / \  / ___|/ ___|| ____|  _ \ 
 (_)_____| |   | | |  _| \___ \ | |   | |_) / _ \ \___ \\___ \|  _| | | | |
  _|_____| |   | | | |___ ___) || |   |  __/ ___ \ ___) |___) | |___| |_| |
 (_)     | |   |_| |_____|____/ |_|   |_| /_/   \_\____/|____/|_____|____/ 
        /_/                                                                

TEST PASSED: Registro
----------------------------------------------------------------------------
]]></system-err>
</testsuite>
